<?xml version="1.0" encoding="UTF-8"?>
<testsuite xmlns:xsi="http://www.w3.org/2001/XMLSchema-instance" xsi:noNamespaceSchemaLocation="https://maven.apache.org/surefire/maven-surefire-plugin/xsd/surefire-test-report.xsd" name="com.seleniumPractice.TestRunner.XpathPracticeTest" time="25.3" tests="2" errors="0" skipped="0" failures="0">
  <properties>
[...]
</properties>
  <testcase name="Fill the details with xpath locators #1" classname="Sample practice application" time="14.682"/>
  <testcase name="Fill the details with xpath locators #2" classname="Sample practice application" time="9.594"/>
</testsuite>